2021-07-13 14:52:59 INFO  Store:26 - Program started
2021-07-13 14:52:59 DEBUG Store:35 - Store services initialized
2021-07-13 14:53:18 INFO  Store:26 - Program started
2021-07-13 14:53:18 DEBUG Store:35 - Store services initialized
2021-07-13 14:54:02 INFO  Store:67 - Sign in attempt
2021-07-13 14:56:04 INFO  Store:26 - Program started
2021-07-13 14:56:04 DEBUG Store:35 - Store services initialized
2021-07-13 14:57:38 INFO  Store:26 - Program started
2021-07-13 14:57:38 DEBUG Store:35 - Store services initialized
2021-07-13 14:58:00 INFO  Store:67 - Sign in attempt
2021-07-13 14:58:10 DEBUG Store:84 - Sign in error
2021-07-13 14:58:10 INFO  Store:87 - Sign in ended
2021-07-13 14:58:24 INFO  Store:44 - Sign up attempt
2021-07-13 14:58:31 DEBUG Store:56 - User signed up
2021-07-13 14:58:31 INFO  Store:63 - Sign up ended
2021-07-13 14:58:52 INFO  Store:44 - Sign up attempt
2021-07-13 14:58:57 DEBUG Store:60 - Sign up error
2021-07-13 14:58:57 INFO  Store:63 - Sign up ended
2021-07-13 14:59:03 INFO  Store:67 - Sign in attempt
2021-07-13 14:59:09 DEBUG Store:80 - User signed in
2021-07-13 14:59:09 INFO  Store:87 - Sign in ended
2021-07-13 16:41:29 INFO  Store:32 - Program started
2021-07-13 16:41:29 DEBUG Store:41 - Store services initialized
2021-07-13 16:41:59 INFO  Store:116 - Showing products
2021-07-13 16:41:59 DEBUG Store:120 - Exit from showing mode
2021-07-13 16:42:08 INFO  Store:96 - Adding item to store
2021-07-13 16:42:33 DEBUG Store:107 - Item Product(id=0, name=t-shrt, cost=30.7, quantity=3) added
2021-07-13 16:42:33 INFO  Store:112 - Adding procedure ended
2021-07-13 16:43:12 INFO  Store:96 - Adding item to store
2021-07-13 16:43:34 DEBUG Store:107 - Item Product(id=1, name=jordan, cost=170.0, quantity=1) added
2021-07-13 16:43:34 INFO  Store:112 - Adding procedure ended
2021-07-13 16:43:43 INFO  Store:116 - Showing products
2021-07-13 16:43:43 DEBUG Store:120 - Exit from showing mode
2021-07-13 16:43:56 INFO  Store:116 - Showing products
2021-07-13 16:43:56 DEBUG Store:120 - Exit from showing mode
2021-07-13 16:44:04 INFO  Store:124 - Deleting item
2021-07-13 16:44:10 DEBUG Store:129 - Product with id: 0 deleted
2021-07-13 16:44:10 INFO  Store:134 - Deleting procedure ended
2021-07-13 16:44:23 INFO  Store:116 - Showing products
2021-07-13 16:44:23 DEBUG Store:120 - Exit from showing mode
2021-07-13 16:46:22 INFO  Store:32 - Program started
2021-07-13 16:46:22 DEBUG Store:41 - Store services initialized
2021-07-13 16:46:42 INFO  Store:96 - Adding item to store
2021-07-13 16:46:58 DEBUG Store:107 - Item Product(id=0, name=cap, cost=20.3, quantity=17) added
2021-07-13 16:46:58 INFO  Store:112 - Adding procedure ended
2021-07-13 16:47:30 INFO  Store:116 - Showing products
2021-07-13 16:47:30 DEBUG Store:120 - Exit from showing mode
2021-07-15 14:33:39 DEBUG userService:16 - User service created
2021-07-15 14:33:39 DEBUG productManagementService:14 - Product management service created
2021-07-15 14:33:39 DEBUG orderService:21 - Order service created
2021-07-15 14:34:04 WARN  Store:87 - User wasn't signed in
2021-07-15 14:36:11 DEBUG userService:16 - User service created
2021-07-15 14:36:11 DEBUG productManagementService:14 - Product management service created
2021-07-15 14:36:11 DEBUG orderService:21 - Order service created
2021-07-15 14:36:35 TRACE userService:39 - User signing in
2021-07-15 14:36:35 WARN  Store:87 - User wasn't signed in
2021-07-15 14:37:41 TRACE productManagementService:19 - Adding product to store
2021-07-15 14:37:41 TRACE productDao:32 - Product created=Product(id=0, name=t-shirt, cost=40.0)
2021-07-15 14:37:41 TRACE productDao:45 - Product accessed=Product(id=0, name=t-shirt, cost=40.0)
2021-07-15 14:37:41 INFO  productManagementService:30 - Product=Product(id=0, name=t-shirt, cost=0.0) was added to store
2021-07-15 14:38:55 TRACE productManagementService:45 - Updating product
2021-07-15 14:38:55 WARN  productDao:75 - Update product with id=1 was failed
2021-07-15 14:38:55 WARN  productManagementService:57 - Updating product with id=1 was failed!
2021-07-15 14:41:13 DEBUG userService:16 - User service created
2021-07-15 14:41:13 DEBUG productManagementService:14 - Product management service created
2021-07-15 14:41:13 DEBUG orderService:21 - Order service created
2021-07-15 14:41:28 TRACE userService:39 - User signing in
2021-07-15 14:43:07 DEBUG userService:16 - User service created
2021-07-15 14:43:07 DEBUG productManagementService:14 - Product management service created
2021-07-15 14:43:07 DEBUG orderService:21 - Order service created
2021-07-15 14:43:26 TRACE userService:39 - User signing in
2021-07-15 14:43:26 WARN  Store:87 - User wasn't signed in
2021-07-15 14:44:32 TRACE userService:21 - User signing up
2021-07-15 14:44:32 WARN  Store:71 - User wasn't signed up
2021-07-15 14:44:49 TRACE userService:21 - User signing up
2021-07-15 14:44:49 WARN  Store:71 - User wasn't signed up
2021-07-15 14:47:05 DEBUG userService:16 - User service created
2021-07-15 14:47:05 DEBUG productManagementService:14 - Product management service created
2021-07-15 14:47:05 DEBUG orderService:21 - Order service created
2021-07-15 14:47:18 TRACE userService:21 - User signing up
2021-07-15 14:47:18 WARN  Store:71 - User wasn't signed up
2021-07-15 14:54:20 DEBUG userService:16 - User service created
2021-07-15 14:54:20 DEBUG productManagementService:14 - Product management service created
2021-07-15 14:54:20 DEBUG orderService:21 - Order service created
2021-07-15 14:54:33 TRACE userService:21 - User signing up
2021-07-15 14:54:33 INFO  userService:24 - Short password (must be 4 symbols)
2021-07-15 14:54:33 TRACE orderDao:34 - Basket created=Basket(id=1, productIds=null, totalCost=0.0, purchaseSuccess=false)
2021-07-15 14:54:33 TRACE userDao:38 - User created=User(id=0, login=danil, password=12, basketId=0)
2021-07-15 14:54:33 INFO  userService:33 - User=User(id=0, login=danil, password=12, basketId=0) signed up
2021-07-15 14:57:50 DEBUG userService:16 - User service created
2021-07-15 14:57:50 DEBUG productManagementService:14 - Product management service created
2021-07-15 14:57:50 DEBUG orderService:21 - Order service created
2021-07-15 14:58:08 TRACE userService:21 - User signing up
2021-07-15 14:58:08 WARN  Store:71 - User wasn't signed up
2021-07-15 14:58:24 TRACE userService:21 - User signing up
2021-07-15 14:58:24 TRACE orderDao:34 - Basket created=Basket(id=1, productIds=null, totalCost=0.0, purchaseSuccess=false)
2021-07-15 14:58:24 TRACE userDao:38 - User created=User(id=0, login=danil, password=1234, basketId=0)
2021-07-15 14:58:24 INFO  userService:33 - User=User(id=0, login=danil, password=1234, basketId=0) signed up
2021-07-15 15:00:05 DEBUG userService:16 - User service created
2021-07-15 15:00:05 DEBUG productManagementService:14 - Product management service created
2021-07-15 15:00:05 DEBUG orderService:21 - Order service created
2021-07-15 15:00:16 TRACE userService:21 - User signing up
2021-07-15 15:00:16 WARN  Store:71 - User wasn't signed up
2021-07-15 15:00:29 TRACE userService:21 - User signing up
2021-07-15 15:00:29 TRACE orderDao:34 - Basket created=Basket(id=1, productIds=null, totalCost=0.0, purchaseSuccess=false)
2021-07-15 15:00:29 TRACE userDao:38 - User created=User(id=0, login=danil, password=1234, basketId=0)
2021-07-15 15:00:29 INFO  userService:33 - User=User(id=0, login=danil, password=1234, basketId=0) signed up
2021-07-15 15:01:15 TRACE userService:21 - User signing up
2021-07-15 15:01:15 WARN  Store:71 - User wasn't signed up
2021-07-15 15:01:27 TRACE userService:21 - User signing up
2021-07-15 15:01:27 WARN  Store:71 - User wasn't signed up
2021-07-15 15:01:43 TRACE userService:39 - User signing in
2021-07-15 15:01:43 WARN  Store:87 - User wasn't signed in
2021-07-15 15:03:03 TRACE userService:39 - User signing in
2021-07-15 15:03:03 WARN  Store:87 - User wasn't signed in
2021-07-15 15:06:16 DEBUG userService:16 - User service created
2021-07-15 15:06:16 DEBUG productManagementService:14 - Product management service created
2021-07-15 15:06:16 DEBUG orderService:21 - Order service created
2021-07-15 15:07:03 TRACE userService:21 - User signing up
2021-07-15 15:07:03 INFO  userService:24 - Short password (must be 4 symbols)
2021-07-15 15:07:03 WARN  Store:71 - User wasn't signed up
2021-07-15 15:07:28 TRACE userService:21 - User signing up
2021-07-15 15:07:28 TRACE orderDao:34 - Basket created=Basket(id=1, productIds=null, totalCost=0.0, purchaseSuccess=false)
2021-07-15 15:07:28 TRACE userDao:38 - User created=User(id=0, login=danil, password=1234, basketId=0)
2021-07-15 15:07:28 INFO  userService:35 - User=User(id=0, login=danil, password=1234, basketId=0) signed up
2021-07-15 15:08:02 TRACE userService:21 - User signing up
2021-07-15 15:08:02 INFO  userService:29 - User with the same login=danil already exists
2021-07-15 15:08:02 WARN  Store:71 - User wasn't signed up
2021-07-15 15:08:21 TRACE userService:41 - User signing in
2021-07-15 15:08:21 INFO  userService:45 - User with login=danil doesn't exist
2021-07-15 15:08:21 WARN  Store:87 - User wasn't signed in
2021-07-15 15:10:27 DEBUG userService:16 - User service created
2021-07-15 15:10:27 DEBUG productManagementService:14 - Product management service created
2021-07-15 15:10:27 DEBUG orderService:21 - Order service created
2021-07-15 15:10:41 TRACE userService:21 - User signing up
2021-07-15 15:10:41 TRACE orderDao:34 - Basket created=Basket(id=1, productIds=null, totalCost=0.0, purchaseSuccess=false)
2021-07-15 15:10:41 TRACE userDao:38 - User created=User(id=0, login=danil, password=1234, basketId=0)
2021-07-15 15:10:41 INFO  userService:35 - User=User(id=0, login=danil, password=1234, basketId=0) signed up
2021-07-15 15:10:56 TRACE userService:21 - User signing up
2021-07-15 15:10:56 INFO  userService:29 - User with the same login=danil already exists
2021-07-15 15:10:56 WARN  Store:71 - User wasn't signed up
2021-07-15 15:11:18 TRACE userService:41 - User signing in
2021-07-15 15:11:18 INFO  userService:55 - User=User(id=0, login=danil, password=1234, basketId=1) signed up
2021-07-15 15:11:55 TRACE productManagementService:66 - Showing store's products
2021-07-15 15:11:55 WARN  productDao:57 - Getting product list was failed
2021-07-15 15:11:55 WARN  productManagementService:71 - Showing products was failed!
2021-07-15 15:12:24 TRACE productManagementService:19 - Adding product to store
2021-07-15 15:12:24 TRACE productDao:32 - Product created=Product(id=2, name=cap, cost=30.0)
2021-07-15 15:12:24 TRACE productDao:45 - Product accessed=Product(id=2, name=cap, cost=30.0)
2021-07-15 15:12:24 INFO  productManagementService:30 - Product=Product(id=2, name=cap, cost=0.0) was added to store
2021-07-15 15:13:10 TRACE productManagementService:66 - Showing store's products
2021-07-15 15:13:10 TRACE productDao:61 - Product list accessed
2021-07-15 15:13:10 TRACE productDao:45 - Product accessed=Product(id=2, name=cap, cost=30.0)
2021-07-15 15:22:25 DEBUG userService:16 - User service created
2021-07-15 15:22:25 DEBUG productManagementService:14 - Product management service created
2021-07-15 15:22:25 DEBUG orderService:21 - Order service created
2021-07-15 15:22:42 TRACE productManagementService:19 - Adding product to store
2021-07-15 15:22:43 TRACE productDao:32 - Product created=Product(id=0, name=cap, cost=30.0)
2021-07-15 15:22:43 TRACE productDao:45 - Product accessed=Product(id=0, name=cap, cost=30.0)
2021-07-15 15:22:43 INFO  productManagementService:30 - Product=Product(id=0, name=cap, cost=0.0) was added to store
2021-07-15 15:23:10 TRACE productManagementService:45 - Updating product
2021-07-15 15:23:10 TRACE productDao:83 - Product updated=Product(id=0, name=, cost=34.0)
2021-07-15 15:23:10 TRACE productDao:45 - Product accessed=Product(id=0, name=, cost=34.0)
2021-07-15 15:23:10 INFO  productManagementService:51 - Product(id=0) was updated to=Product(id=0, name=, cost=0.0)
2021-07-15 15:23:38 TRACE productManagementService:66 - Showing store's products
2021-07-15 15:23:38 TRACE productDao:61 - Product list accessed
2021-07-15 15:23:38 TRACE productDao:45 - Product accessed=Product(id=0, name=, cost=34.0)
2021-07-15 15:25:51 DEBUG userService:16 - User service created
2021-07-15 15:25:51 DEBUG productManagementService:14 - Product management service created
2021-07-15 15:25:51 DEBUG orderService:21 - Order service created
2021-07-15 15:26:05 TRACE productManagementService:19 - Adding product to store
2021-07-15 15:26:05 TRACE productDao:32 - Product created=Product(id=0, name=cap, cost=34.0)
2021-07-15 15:26:05 TRACE productDao:45 - Product accessed=Product(id=0, name=cap, cost=34.0)
2021-07-15 15:26:05 INFO  productManagementService:30 - Product=Product(id=0, name=cap, cost=0.0) was added to store
2021-07-15 15:30:25 DEBUG userService:16 - User service created
2021-07-15 15:30:25 DEBUG productManagementService:14 - Product management service created
2021-07-15 15:30:25 DEBUG orderService:21 - Order service created
2021-07-15 15:30:37 TRACE productManagementService:19 - Adding product to store
2021-07-15 15:30:37 TRACE productDao:32 - Product created=Product(id=0, name=cap, cost=34.0)
2021-07-15 15:30:37 TRACE productDao:45 - Product accessed=Product(id=0, name=cap, cost=34.0)
2021-07-15 15:30:37 INFO  productManagementService:30 - Product=Product(id=0, name=cap, cost=0.0) was added to store
2021-07-15 15:31:02 TRACE productManagementService:45 - Updating product
2021-07-15 15:31:02 TRACE productDao:83 - Product updated=Product(id=0, name=t-shirt, cost=40.0)
2021-07-15 15:31:02 TRACE productDao:45 - Product accessed=Product(id=0, name=t-shirt, cost=40.0)
2021-07-15 15:31:02 INFO  productManagementService:51 - Product(id=0) was updated to=Product(id=0, name=t-shirt, cost=0.0)
2021-07-15 15:31:50 TRACE productManagementService:45 - Updating product
2021-07-15 15:31:50 TRACE productDao:83 - Product updated=Product(id=0, name=cap, cost=3.9)
2021-07-15 15:31:50 TRACE productDao:45 - Product accessed=Product(id=0, name=cap, cost=3.9)
2021-07-15 15:31:50 INFO  productManagementService:51 - Product(id=0) was updated to=Product(id=0, name=cap, cost=0.0)
2021-07-15 15:32:57 DEBUG userService:16 - User service created
2021-07-15 15:32:57 DEBUG productManagementService:14 - Product management service created
2021-07-15 15:32:57 DEBUG orderService:21 - Order service created
2021-07-15 15:33:12 TRACE productManagementService:19 - Adding product to store
2021-07-15 15:33:12 TRACE productDao:32 - Product created=Product(id=0, name=cap, cost=34.0)
2021-07-15 15:33:12 TRACE productDao:45 - Product accessed=Product(id=0, name=cap, cost=34.0)
2021-07-15 15:33:12 INFO  productManagementService:30 - Product=Product(id=0, name=cap, cost=0.0) was added to store
2021-07-15 15:34:01 TRACE productManagementService:19 - Adding product to store
2021-07-15 15:34:01 TRACE productDao:32 - Product created=Product(id=1, name=thrt, cost=45.0)
2021-07-15 15:34:01 TRACE productDao:45 - Product accessed=Product(id=1, name=thrt, cost=45.0)
2021-07-15 15:34:01 INFO  productManagementService:30 - Product=Product(id=1, name=thrt, cost=0.0) was added to store
2021-07-15 15:35:27 DEBUG userService:16 - User service created
2021-07-15 15:35:27 DEBUG productManagementService:14 - Product management service created
2021-07-15 15:35:27 DEBUG orderService:21 - Order service created
2021-07-15 15:35:43 TRACE productManagementService:19 - Adding product to store
2021-07-15 15:35:43 TRACE productDao:32 - Product created=Product(id=0, name=cap, cost=45.0)
2021-07-15 15:35:43 TRACE productDao:45 - Product accessed=Product(id=0, name=cap, cost=45.0)
2021-07-15 15:35:43 INFO  productManagementService:30 - Product=Product(id=0, name=cap, cost=45.0) was added to store
2021-07-15 15:36:10 TRACE productManagementService:19 - Adding product to store
2021-07-15 15:36:10 TRACE productDao:32 - Product created=Product(id=1, name=y-shirt, cost=73.94)
2021-07-15 15:36:10 TRACE productDao:45 - Product accessed=Product(id=1, name=y-shirt, cost=73.94)
2021-07-15 15:36:10 INFO  productManagementService:30 - Product=Product(id=1, name=y-shirt, cost=73.94) was added to store
2021-07-15 15:36:40 TRACE productManagementService:45 - Updating product
2021-07-15 15:36:40 TRACE productDao:84 - Product updated=Product(id=1, name=t-shirt, cost=73.95)
2021-07-15 15:36:40 TRACE productDao:45 - Product accessed=Product(id=1, name=t-shirt, cost=73.95)
2021-07-15 15:36:40 INFO  productManagementService:51 - Product(id=1) was updated to=Product(id=1, name=t-shirt, cost=73.95)
2021-07-15 15:37:58 DEBUG userService:16 - User service created
2021-07-15 15:37:58 DEBUG productManagementService:14 - Product management service created
2021-07-15 15:37:58 DEBUG orderService:21 - Order service created
2021-07-15 15:38:12 TRACE productManagementService:19 - Adding product to store
2021-07-15 15:38:12 TRACE productDao:32 - Product created=Product(id=0, name=cap, cost=34.0)
2021-07-15 15:38:12 TRACE productDao:45 - Product accessed=Product(id=0, name=cap, cost=34.0)
2021-07-15 15:38:12 INFO  productManagementService:30 - Product=Product(id=0, name=cap, cost=34.0) was added to store
2021-07-15 15:38:24 TRACE userService:21 - User signing up
2021-07-15 15:38:24 TRACE orderDao:34 - Basket created=Basket(id=2, productIds=null, totalCost=0.0, purchaseSuccess=false)
2021-07-15 15:38:24 TRACE userDao:38 - User created=User(id=1, login=danil, password=1234, basketId=0)
2021-07-15 15:38:24 INFO  userService:35 - User=User(id=1, login=danil, password=1234, basketId=0) signed up
2021-07-15 15:38:37 TRACE userService:21 - User signing up
2021-07-15 15:38:37 TRACE orderDao:34 - Basket created=Basket(id=4, productIds=null, totalCost=0.0, purchaseSuccess=false)
2021-07-15 15:38:37 TRACE userDao:38 - User created=User(id=3, login=tim, password=1234, basketId=0)
2021-07-15 15:38:37 INFO  userService:35 - User=User(id=3, login=tim, password=1234, basketId=0) signed up
2021-07-15 15:43:22 DEBUG userService:16 - User service created
2021-07-15 15:43:22 DEBUG productManagementService:14 - Product management service created
2021-07-15 15:43:22 DEBUG orderService:21 - Order service created
2021-07-15 15:43:34 TRACE productManagementService:19 - Adding product to store
2021-07-15 15:43:34 TRACE productDao:32 - Product created=Product(id=0, name=cap, cost=34.5)
2021-07-15 15:43:34 TRACE productDao:45 - Product accessed=Product(id=0, name=cap, cost=34.5)
2021-07-15 15:43:34 INFO  productManagementService:30 - Product=Product(id=0, name=cap, cost=34.5) was added to store
2021-07-15 15:43:57 TRACE userService:21 - User signing up
2021-07-15 15:43:57 TRACE orderDao:34 - Basket created=Basket(id=2, productIds=null, totalCost=0.0, purchaseSuccess=false)
2021-07-15 15:43:58 TRACE userDao:39 - User created=User(id=1, login=danil, password=1234, basketId=2)
2021-07-15 15:43:58 INFO  userService:35 - User=User(id=1, login=danil, password=1234, basketId=2) signed up
2021-07-15 15:44:24 TRACE userService:21 - User signing up
2021-07-15 15:44:24 TRACE orderDao:34 - Basket created=Basket(id=4, productIds=null, totalCost=0.0, purchaseSuccess=false)
2021-07-15 15:44:24 TRACE userDao:39 - User created=User(id=3, login=tim, password=1234, basketId=4)
2021-07-15 15:44:24 INFO  userService:35 - User=User(id=3, login=tim, password=1234, basketId=4) signed up
2021-07-15 15:44:40 TRACE productManagementService:66 - Showing store's products
2021-07-15 15:44:40 TRACE productDao:62 - Product list accessed
2021-07-15 15:44:40 TRACE productDao:45 - Product accessed=Product(id=0, name=cap, cost=34.5)
2021-07-15 15:44:54 TRACE productManagementService:39 - Product with id=0 deleted from store
2021-07-15 15:46:50 TRACE productManagementService:66 - Showing store's products
2021-07-15 15:46:50 WARN  productDao:58 - Getting product list was failed
2021-07-15 15:46:50 WARN  productManagementService:71 - Showing products was failed!
2021-07-15 15:47:17 TRACE productManagementService:19 - Adding product to store
2021-07-15 15:47:17 TRACE productDao:32 - Product created=Product(id=5, name=cap, cost=34.0)
2021-07-15 15:47:17 TRACE productDao:45 - Product accessed=Product(id=5, name=cap, cost=34.0)
2021-07-15 15:47:17 INFO  productManagementService:30 - Product=Product(id=5, name=cap, cost=34.0) was added to store
2021-07-15 15:47:36 TRACE userService:41 - User signing in
2021-07-15 15:47:36 INFO  userService:51 - Wrong password or login
2021-07-15 15:47:36 WARN  Store:87 - User wasn't signed in
2021-07-15 15:47:56 TRACE userService:41 - User signing in
2021-07-15 15:47:56 INFO  userService:55 - User=User(id=1, login=danil, password=1234, basketId=2) signed in
2021-07-15 15:48:51 TRACE orderService:27 - Adding product to basket
2021-07-15 15:48:51 TRACE userDao:52 - User accessed=User(id=1, login=danil, password=1234, basketId=2)
2021-07-15 15:48:51 TRACE orderDao:47 - Basket accessed=Basket(id=2, productIds=[], totalCost=0.0, purchaseSuccess=false)
2021-07-15 15:48:51 TRACE productDao:45 - Product accessed=Product(id=5, name=cap, cost=34.0)
2021-07-15 15:48:51 INFO  orderService:35 - Product with id=5 added to user's(id=1) basket
2021-07-15 15:49:54 TRACE orderService:66 - Purchasing basket
2021-07-15 15:49:54 TRACE userDao:52 - User accessed=User(id=1, login=danil, password=1234, basketId=2)
2021-07-15 15:49:54 TRACE orderDao:47 - Basket accessed=Basket(id=2, productIds=[5], totalCost=0.0, purchaseSuccess=false)
2021-07-15 15:49:54 TRACE orderDao:70 - Basket updated=Basket(id=2, productIds=null, totalCost=0.0, purchaseSuccess=false)
2021-07-15 15:49:54 INFO  orderService:78 - User's(id=1) basket was purchased
2021-07-15 15:49:54 INFO  orderService:85 - Purchasing basket of user(id=1) is not allowed
